validate	Run actual live snapshot, media bridge, and one-million projection	﻿2026-07-16T10:25:45.5171075Z ##[group]Run set -euo pipefail
validate	Run actual live snapshot, media bridge, and one-million projection	2026-07-16T10:25:45.5171368Z ^[[36;1mset -euo pipefail^[[0m
validate	Run actual live snapshot, media bridge, and one-million projection	2026-07-16T10:25:45.5171787Z ^[[36;1mmkdir -p corpus^[[0m
validate	Run actual live snapshot, media bridge, and one-million projection	2026-07-16T10:25:45.5172146Z ^[[36;1mtimeout 900s node scripts/build-web-source-snapshot.mjs --output corpus/general.jsonl.gz^[[0m
validate	Run actual live snapshot, media bridge, and one-million projection	2026-07-16T10:25:45.5172715Z ^[[36;1mnode scripts/verify-web-source-snapshot.mjs corpus/general.jsonl.gz corpus/general.jsonl.gz.meta.json^[[0m
validate	Run actual live snapshot, media bridge, and one-million projection	2026-07-16T10:25:45.5173509Z ^[[36;1mif timeout 600s python general/media.py --input corpus/general.jsonl.gz --output corpus/general-media.jsonl.gz --media-dir corpus/media --max-media 180 --discover-forum 80; then^[[0m
validate	Run actual live snapshot, media bridge, and one-million projection	2026-07-16T10:25:45.5174108Z ^[[36;1m  echo 'display media ready'^[[0m
validate	Run actual live snapshot, media bridge, and one-million projection	2026-07-16T10:25:45.5174324Z ^[[36;1melse^[[0m
validate	Run actual live snapshot, media bridge, and one-million projection	2026-07-16T10:25:45.5174597Z ^[[36;1m  echo 'media retrieval unavailable; using text-first bounded snapshot' >&2^[[0m
validate	Run actual live snapshot, media bridge, and one-million projection	2026-07-16T10:25:45.5174988Z ^[[36;1m  cp corpus/general.jsonl.gz corpus/general-media.jsonl.gz^[[0m
validate	Run actual live snapshot, media bridge, and one-million projection	2026-07-16T10:25:45.5175257Z ^[[36;1mfi^[[0m
validate	Run actual live snapshot, media bridge, and one-million projection	2026-07-16T10:25:45.5175470Z ^[[36;1mtimeout 1200s node scripts/build.mjs^[[0m
validate	Run actual live snapshot, media bridge, and one-million projection	2026-07-16T10:25:45.5175718Z ^[[36;1mpython verify-profile-build.py^[[0m
validate	Run actual live snapshot, media bridge, and one-million projection	2026-07-16T10:25:45.5203838Z shell: /usr/bin/bash --noprofile --norc -e -o pipefail {0}
validate	Run actual live snapshot, media bridge, and one-million projection	2026-07-16T10:25:45.5204124Z env:
validate	Run actual live snapshot, media bridge, and one-million projection	2026-07-16T10:25:45.5204331Z   TARGET_BRANCH: agent/fix-pages-projection-schema
validate	Run actual live snapshot, media bridge, and one-million projection	2026-07-16T10:25:45.5204639Z   pythonLocation: /opt/hostedtoolcache/Python/3.12.13/x64
validate	Run actual live snapshot, media bridge, and one-million projection	2026-07-16T10:25:45.5204976Z   PKG_CONFIG_PATH: /opt/hostedtoolcache/Python/3.12.13/x64/lib/pkgconfig
validate	Run actual live snapshot, media bridge, and one-million projection	2026-07-16T10:25:45.5205307Z   Python_ROOT_DIR: /opt/hostedtoolcache/Python/3.12.13/x64
validate	Run actual live snapshot, media bridge, and one-million projection	2026-07-16T10:25:45.5205613Z   Python2_ROOT_DIR: /opt/hostedtoolcache/Python/3.12.13/x64
validate	Run actual live snapshot, media bridge, and one-million projection	2026-07-16T10:25:45.5205918Z   Python3_ROOT_DIR: /opt/hostedtoolcache/Python/3.12.13/x64
validate	Run actual live snapshot, media bridge, and one-million projection	2026-07-16T10:25:45.5206211Z   LD_LIBRARY_PATH: /opt/hostedtoolcache/Python/3.12.13/x64/lib
validate	Run actual live snapshot, media bridge, and one-million projection	2026-07-16T10:25:45.5206478Z   SIDEWAYS_PUBLIC_SOURCES: 
validate	Run actual live snapshot, media bridge, and one-million projection	2026-07-16T10:25:45.5206668Z   POST_COUNT: 1000000
validate	Run actual live snapshot, media bridge, and one-million projection	2026-07-16T10:25:45.5206850Z   CHUNK_SIZE: 1024
validate	Run actual live snapshot, media bridge, and one-million projection	2026-07-16T10:25:45.5207026Z   CONTENT_CHUNK_SIZE: 128
validate	Run actual live snapshot, media bridge, and one-million projection	2026-07-16T10:25:45.5207218Z   CORPUS_SEED: 20260712
validate	Run actual live snapshot, media bridge, and one-million projection	2026-07-16T10:25:45.5207426Z   CORPUS_FILE: corpus/general-media.jsonl.gz
validate	Run actual live snapshot, media bridge, and one-million projection	2026-07-16T10:25:45.5207655Z ##[endgroup]
validate	Run actual live snapshot, media bridge, and one-million projection	2026-07-16T10:25:51.7239736Z {"schema":"sideways-web-source-snapshot/v2","output":"corpus/general.jsonl.gz","records":1618,"receipts":[{"provider":"wikinews-a","status":"ready","admitted":250,"evidence":{"robots":{"policy":"not-applicable","allowed":true},"hops":[{"url":"https://en.wikinews.org/w/api.php?action=query&generator=allpages&gapnamespace=0&gaplimit=250&gapfrom=A&prop=extracts%7Cinfo&exintro=1&inprop=url&format=json&origin=*","status":200,"address":"198.35.26.224"}],"bytes":161145,"contentType":"application/json"}},{"provider":"wikinews-i","status":"ready","admitted":250,"evidence":{"robots":{"policy":"not-applicable","allowed":true},"hops":[{"url":"https://en.wikinews.org/w/api.php?action=query&generator=allpages&gapnamespace=0&gaplimit=250&gapfrom=I&prop=extracts%7Cinfo&exintro=1&inprop=url&format=json&origin=*","status":200,"address":"198.35.26.224"}],"bytes":166586,"contentType":"application/json"}},{"provider":"wikinews-q","status":"ready","admitted":250,"evidence":{"robots":{"policy":"not-applicable","allowed":true},"hops":[{"url":"https://en.wikinews.org/w/api.php?action=query&generator=allpages&gapnamespace=0&gaplimit=250&gapfrom=Q&prop=extracts%7Cinfo&exintro=1&inprop=url&format=json&origin=*","status":200,"address":"198.35.26.224"}],"bytes":158160,"contentType":"application/json"}},{"provider":"hacker-news-0","status":"ready","admitted":234,"evidence":{"robots":{"policy":"not-applicable","allowed":true},"hops":[{"url":"https://hn.algolia.com/api/v1/search_by_date?tags=story&hitsPerPage=250&page=0","status":200,"address":"34.160.168.181"}],"bytes":224898,"contentType":"application/json"}},{"provider":"hacker-news-1","status":"ready","admitted":238,"evidence":{"robots":{"policy":"not-applicable","allowed":true},"hops":[{"url":"https://hn.algolia.com/api/v1/search_by_date?tags=story&hitsPerPage=250&page=1","status":200,"address":"34.160.168.181"}],"bytes":228373,"contentType":"application/json"}},{"provider":"hacker-news-2","status":"ready","admitted":236,"evidence":{"robots":{"policy":"not-applicable","allowed":true},"hops":[{"url":"https://hn.algolia.com/api/v1/search_by_date?tags=story&hitsPerPage=250&page=2","status":200,"address":"34.160.168.181"}],"bytes":218548,"contentType":"application/json"}},{"provider":"mastodon-social","status":"unavailable","admitted":0,"error":"source responded 422"},{"provider":"mstdn-social","status":"ready","admitted":40,"evidence":{"robots":{"policy":"not-applicable","allowed":true},"hops":[{"url":"https://mstdn.social/api/v1/timelines/public?limit=40&local=true","status":200,"address":"188.34.142.224"}],"bytes":157324,"contentType":"application/json"}},{"provider":"fosstodon","status":"ready","admitted":40,"evidence":{"robots":{"policy":"not-applicable","allowed":true},"hops":[{"url":"https://fosstodon.org/api/v1/timelines/public?limit=40&local=true","status":200,"address":"151.101.131.52"}],"bytes":185013,"contentType":"application/json"}},{"provider":"hachyderm","status":"ready","admitted":40,"evidence":{"robots":{"policy":"not-applicable","allowed":true},"hops":[{"url":"https://hachyderm.io/api/v1/timelines/public?limit=40&local=true","status":200,"address":"45.79.111.81"}],"bytes":184073,"contentType":"application/json"}},{"provider":"techhub","status":"ready","admitted":40,"evidence":{"robots":{"policy":"not-applicable","allowed":true},"hops":[{"url":"https://techhub.social/api/v1/timelines/public?limit=40&local=true","status":200,"address":"104.21.82.233"}],"bytes":174511,"contentType":"application/json"}}]}
validate	Run actual live snapshot, media bridge, and one-million projection	2026-07-16T10:25:51.8100633Z {
validate	Run actual live snapshot, media bridge, and one-million projection	2026-07-16T10:25:51.8101194Z   "schema": "sideways-web-source-snapshot-verification/v1",
validate	Run actual live snapshot, media bridge, and one-million projection	2026-07-16T10:25:51.8101854Z   "snapshot": "corpus/general.jsonl.gz",
validate	Run actual live snapshot, media bridge, and one-million projection	2026-07-16T10:25:51.8102199Z   "records": 1618,
validate	Run actual live snapshot, media bridge, and one-million projection	2026-07-16T10:25:51.8102445Z   "counts": {
validate	Run actual live snapshot, media bridge, and one-million projection	2026-07-16T10:25:51.8102675Z     "article": 750,
validate	Run actual live snapshot, media bridge, and one-million projection	2026-07-16T10:25:51.8102965Z     "forum": 708,
validate	Run actual live snapshot, media bridge, and one-million projection	2026-07-16T10:25:51.8103220Z     "social": 160
validate	Run actual live snapshot, media bridge, and one-million projection	2026-07-16T10:25:51.8103471Z   },
validate	Run actual live snapshot, media bridge, and one-million projection	2026-07-16T10:25:51.8103699Z   "providers": 10,
validate	Run actual live snapshot, media bridge, and one-million projection	2026-07-16T10:25:51.8103962Z   "receipts": [
validate	Run actual live snapshot, media bridge, and one-million projection	2026-07-16T10:25:51.8104222Z     {
validate	Run actual live snapshot, media bridge, and one-million projection	2026-07-16T10:25:51.8104549Z       "provider": "wikinews-a",
validate	Run actual live snapshot, media bridge, and one-million projection	2026-07-16T10:25:51.8104892Z       "status": "ready",
validate	Run actual live snapshot, media bridge, and one-million projection	2026-07-16T10:25:51.8105383Z       "admitted": 250,
validate	Run actual live snapshot, media bridge, and one-million projection	2026-07-16T10:25:51.8105728Z       "error": null
validate	Run actual live snapshot, media bridge, and one-million projection	2026-07-16T10:25:51.8106043Z     },
validate	Run actual live snapshot, media bridge, and one-million projection	2026-07-16T10:25:51.8106301Z     {
validate	Run actual live snapshot, media bridge, and one-million projection	2026-07-16T10:25:51.8106897Z       "provider": "wikinews-i",
validate	Run actual live snapshot, media bridge, and one-million projection	2026-07-16T10:25:51.8107346Z       "status": "ready",
validate	Run actual live snapshot, media bridge, and one-million projection	2026-07-16T10:25:51.8107671Z       "admitted": 250,
validate	Run actual live snapshot, media bridge, and one-million projection	2026-07-16T10:25:51.8159452Z       "error": null
validate	Run actual live snapshot, media bridge, and one-million projection	2026-07-16T10:25:51.8159679Z     },
validate	Run actual live snapshot, media bridge, and one-million projection	2026-07-16T10:25:51.8159844Z     {
validate	Run actual live snapshot, media bridge, and one-million projection	2026-07-16T10:25:51.8160049Z       "provider": "wikinews-q",
validate	Run actual live snapshot, media bridge, and one-million projection	2026-07-16T10:25:51.8160361Z       "status": "ready",
validate	Run actual live snapshot, media bridge, and one-million projection	2026-07-16T10:25:51.8160807Z       "admitted": 250,
validate	Run actual live snapshot, media bridge, and one-million projection	2026-07-16T10:25:51.8161062Z       "error": null
validate	Run actual live snapshot, media bridge, and one-million projection	2026-07-16T10:25:51.8161273Z     },
validate	Run actual live snapshot, media bridge, and one-million projection	2026-07-16T10:25:51.8161638Z     {
validate	Run actual live snapshot, media bridge, and one-million projection	2026-07-16T10:25:51.8161892Z       "provider": "hacker-news-0",
validate	Run actual live snapshot, media bridge, and one-million projection	2026-07-16T10:25:51.8162201Z       "status": "ready",
validate	Run actual live snapshot, media bridge, and one-million projection	2026-07-16T10:25:51.8162470Z       "admitted": 234,
validate	Run actual live snapshot, media bridge, and one-million projection	2026-07-16T10:25:51.8162726Z       "error": null
validate	Run actual live snapshot, media bridge, and one-million projection	2026-07-16T10:25:51.8162946Z     },
validate	Run actual live snapshot, media bridge, and one-million projection	2026-07-16T10:25:51.8163149Z     {
validate	Run actual live snapshot, media bridge, and one-million projection	2026-07-16T10:25:51.8163400Z       "provider": "hacker-news-1",
validate	Run actual live snapshot, media bridge, and one-million projection	2026-07-16T10:25:51.8163745Z       "status": "ready",
validate	Run actual live snapshot, media bridge, and one-million projection	2026-07-16T10:25:51.8164006Z       "admitted": 238,
validate	Run actual live snapshot, media bridge, and one-million projection	2026-07-16T10:25:51.8164258Z       "error": null
validate	Run actual live snapshot, media bridge, and one-million projection	2026-07-16T10:25:51.8164488Z     },
validate	Run actual live snapshot, media bridge, and one-million projection	2026-07-16T10:25:51.8164692Z     {
validate	Run actual live snapshot, media bridge, and one-million projection	2026-07-16T10:25:51.8165008Z       "provider": "hacker-news-2",
validate	Run actual live snapshot, media bridge, and one-million projection	2026-07-16T10:25:51.8165328Z       "status": "ready",
validate	Run actual live snapshot, media bridge, and one-million projection	2026-07-16T10:25:51.8165607Z       "admitted": 236,
validate	Run actual live snapshot, media bridge, and one-million projection	2026-07-16T10:25:51.8165787Z       "error": null
validate	Run actual live snapshot, media bridge, and one-million projection	2026-07-16T10:25:51.8165949Z     },
validate	Run actual live snapshot, media bridge, and one-million projection	2026-07-16T10:25:51.8166097Z     {
validate	Run actual live snapshot, media bridge, and one-million projection	2026-07-16T10:25:51.8166276Z       "provider": "mastodon-social",
validate	Run actual live snapshot, media bridge, and one-million projection	2026-07-16T10:25:51.8166810Z       "status": "unavailable",
validate	Run actual live snapshot, media bridge, and one-million projection	2026-07-16T10:25:51.8167019Z       "admitted": 0,
validate	Run actual live snapshot, media bridge, and one-million projection	2026-07-16T10:25:51.8167226Z       "error": "source responded 422"
validate	Run actual live snapshot, media bridge, and one-million projection	2026-07-16T10:25:51.8167445Z     },
validate	Run actual live snapshot, media bridge, and one-million projection	2026-07-16T10:25:51.8167589Z     {
validate	Run actual live snapshot, media bridge, and one-million projection	2026-07-16T10:25:51.8167767Z       "provider": "mstdn-social",
validate	Run actual live snapshot, media bridge, and one-million projection	2026-07-16T10:25:51.8167982Z       "status": "ready",
validate	Run actual live snapshot, media bridge, and one-million projection	2026-07-16T10:25:51.8168166Z       "admitted": 40,
validate	Run actual live snapshot, media bridge, and one-million projection	2026-07-16T10:25:51.8168345Z       "error": null
validate	Run actual live snapshot, media bridge, and one-million projection	2026-07-16T10:25:51.8168503Z     },
validate	Run actual live snapshot, media bridge, and one-million projection	2026-07-16T10:25:51.8168653Z     {
validate	Run actual live snapshot, media bridge, and one-million projection	2026-07-16T10:25:51.8168835Z       "provider": "fosstodon",
validate	Run actual live snapshot, media bridge, and one-million projection	2026-07-16T10:25:51.8169049Z       "status": "ready",
validate	Run actual live snapshot, media bridge, and one-million projection	2026-07-16T10:25:51.8169247Z       "admitted": 40,
validate	Run actual live snapshot, media bridge, and one-million projection	2026-07-16T10:25:51.8169431Z       "error": null
validate	Run actual live snapshot, media bridge, and one-million projection	2026-07-16T10:25:51.8169635Z     },
validate	Run actual live snapshot, media bridge, and one-million projection	2026-07-16T10:25:51.8169787Z     {
validate	Run actual live snapshot, media bridge, and one-million projection	2026-07-16T10:25:51.8169975Z       "provider": "hachyderm",
validate	Run actual live snapshot, media bridge, and one-million projection	2026-07-16T10:25:51.8170184Z       "status": "ready",
validate	Run actual live snapshot, media bridge, and one-million projection	2026-07-16T10:25:51.8170371Z       "admitted": 40,
validate	Run actual live snapshot, media bridge, and one-million projection	2026-07-16T10:25:51.8170573Z       "error": null
validate	Run actual live snapshot, media bridge, and one-million projection	2026-07-16T10:25:51.8170747Z     },
validate	Run actual live snapshot, media bridge, and one-million projection	2026-07-16T10:25:51.8170898Z     {
validate	Run actual live snapshot, media bridge, and one-million projection	2026-07-16T10:25:51.8171057Z       "provider": "techhub",
validate	Run actual live snapshot, media bridge, and one-million projection	2026-07-16T10:25:51.8171259Z       "status": "ready",
validate	Run actual live snapshot, media bridge, and one-million projection	2026-07-16T10:25:51.8171787Z       "admitted": 40,
validate	Run actual live snapshot, media bridge, and one-million projection	2026-07-16T10:25:51.8172021Z       "error": null
validate	Run actual live snapshot, media bridge, and one-million projection	2026-07-16T10:25:51.8172244Z     }
validate	Run actual live snapshot, media bridge, and one-million projection	2026-07-16T10:25:51.8172453Z   ],
validate	Run actual live snapshot, media bridge, and one-million projection	2026-07-16T10:25:51.8172674Z   "limits": {
validate	Run actual live snapshot, media bridge, and one-million projection	2026-07-16T10:25:51.8172905Z     "sources": 24,
validate	Run actual live snapshot, media bridge, and one-million projection	2026-07-16T10:25:51.8173172Z     "recordsPerSource": 250,
validate	Run actual live snapshot, media bridge, and one-million projection	2026-07-16T10:25:51.8173470Z     "totalRecords": 1800,
validate	Run actual live snapshot, media bridge, and one-million projection	2026-07-16T10:25:51.8173783Z     "bytesPerSource": 2000000,
validate	Run actual live snapshot, media bridge, and one-million projection	2026-07-16T10:25:51.8174083Z     "redirects": 4,
validate	Run actual live snapshot, media bridge, and one-million projection	2026-07-16T10:25:51.8174336Z     "timeoutMs": 20000,
validate	Run actual live snapshot, media bridge, and one-million projection	2026-07-16T10:25:51.8174585Z     "robotsBytes": 256000
validate	Run actual live snapshot, media bridge, and one-million projection	2026-07-16T10:25:51.8174767Z   }
validate	Run actual live snapshot, media bridge, and one-million projection	2026-07-16T10:25:51.8174915Z }
validate	Run actual live snapshot, media bridge, and one-million projection	2026-07-16T10:25:51.9623651Z compressed 0 images; per type {'article': 0, 'forum': 0, 'social': 0}; discovered 0 forum pages
validate	Run actual live snapshot, media bridge, and one-million projection	2026-07-16T10:25:51.9739777Z display media ready
validate	Run actual live snapshot, media bridge, and one-million projection	2026-07-16T10:25:53.7048046Z generated 1,024 / 1,000,000
validate	Run actual live snapshot, media bridge, and one-million projection	2026-07-16T10:25:55.3169664Z generated 103,424 / 1,000,000
validate	Run actual live snapshot, media bridge, and one-million projection	2026-07-16T10:25:56.8870933Z generated 205,824 / 1,000,000
validate	Run actual live snapshot, media bridge, and one-million projection	2026-07-16T10:25:58.4460598Z generated 308,224 / 1,000,000
validate	Run actual live snapshot, media bridge, and one-million projection	2026-07-16T10:26:00.0552332Z generated 410,624 / 1,000,000
validate	Run actual live snapshot, media bridge, and one-million projection	2026-07-16T10:26:01.6359509Z generated 513,024 / 1,000,000
validate	Run actual live snapshot, media bridge, and one-million projection	2026-07-16T10:26:03.2032199Z generated 615,424 / 1,000,000
validate	Run actual live snapshot, media bridge, and one-million projection	2026-07-16T10:26:04.7626435Z generated 717,824 / 1,000,000
validate	Run actual live snapshot, media bridge, and one-million projection	2026-07-16T10:26:06.3131837Z generated 820,224 / 1,000,000
validate	Run actual live snapshot, media bridge, and one-million projection	2026-07-16T10:26:07.5138704Z generated 922,624 / 1,000,000
validate	Run actual live snapshot, media bridge, and one-million projection	2026-07-16T10:26:07.5139157Z dist ready: 1,000,000 candidates / 1,618 actual records
validate	Run actual live snapshot, media bridge, and one-million projection	2026-07-16T10:26:07.5685968Z {
validate	Run actual live snapshot, media bridge, and one-million projection	2026-07-16T10:26:07.5686486Z   "schema": "sideways-root-product-completion/v1",
validate	Run actual live snapshot, media bridge, and one-million projection	2026-07-16T10:26:07.5687035Z   "outputDir": "/home/runner/work/theawesomehexapp/theawesomehexapp/dist",
validate	Run actual live snapshot, media bridge, and one-million projection	2026-07-16T10:26:07.5687584Z   "index": "/home/runner/work/theawesomehexapp/theawesomehexapp/dist/index.html",
validate	Run actual live snapshot, media bridge, and one-million projection	2026-07-16T10:26:07.5688034Z   "assets": [
validate	Run actual live snapshot, media bridge, and one-million projection	2026-07-16T10:26:07.5688270Z     "root-product-completion.css",
validate	Run actual live snapshot, media bridge, and one-million projection	2026-07-16T10:26:07.5688578Z     "root-product-completion.js"
validate	Run actual live snapshot, media bridge, and one-million projection	2026-07-16T10:26:07.5688811Z   ],
validate	Run actual live snapshot, media bridge, and one-million projection	2026-07-16T10:26:07.5689224Z   "promise": "Discover the public world, then keep what matters in a private archive that belongs to you.",
validate	Run actual live snapshot, media bridge, and one-million projection	2026-07-16T10:26:07.5689714Z   "directArchive": "./manual/",
validate	Run actual live snapshot, media bridge, and one-million projection	2026-07-16T10:26:07.5689960Z   "sharedMutation": false
validate	Run actual live snapshot, media bridge, and one-million projection	2026-07-16T10:26:07.5690201Z }
validate	Run actual live snapshot, media bridge, and one-million projection	2026-07-16T10:26:07.5888016Z Traceback (most recent call last):
validate	Run actual live snapshot, media bridge, and one-million projection	2026-07-16T10:26:07.5888979Z   File "/home/runner/work/theawesomehexapp/theawesomehexapp/verify-profile-build.py", line 54, in <module>
validate	Run actual live snapshot, media bridge, and one-million projection	2026-07-16T10:26:07.5889908Z     require(any(row.get("r") for row in by_type[1]), "forum replies missing")
validate	Run actual live snapshot, media bridge, and one-million projection	2026-07-16T10:26:07.5890793Z   File "/home/runner/work/theawesomehexapp/theawesomehexapp/verify-profile-build.py", line 20, in require
validate	Run actual live snapshot, media bridge, and one-million projection	2026-07-16T10:26:07.5891785Z     raise AssertionError(message)
validate	Run actual live snapshot, media bridge, and one-million projection	2026-07-16T10:26:07.5892170Z AssertionError: forum replies missing
validate	Run actual live snapshot, media bridge, and one-million projection	2026-07-16T10:26:07.6000334Z ##[error]Process completed with exit code 1.
validate	Post Run actions/checkout@34e114876b0b11c390a56381ad16ebd13914f8d5	﻿2026-07-16T10:26:07.6101074Z Node 20 is being deprecated. This workflow is running with Node 24 by default. If you need to temporarily use Node 20, you can set the ACTIONS_ALLOW_USE_UNSECURE_NODE_VERSION=true environment variable. For more information see: https://github.blog/changelog/2025-09-19-deprecation-of-node-20-on-github-actions-runners/
validate	Post Run actions/checkout@34e114876b0b11c390a56381ad16ebd13914f8d5	2026-07-16T10:26:07.6102664Z Post job cleanup.
validate	Post Run actions/checkout@34e114876b0b11c390a56381ad16ebd13914f8d5	2026-07-16T10:26:07.6820626Z [command]/usr/bin/git version
validate	Post Run actions/checkout@34e114876b0b11c390a56381ad16ebd13914f8d5	2026-07-16T10:26:07.6852610Z git version 2.54.0
validate	Post Run actions/checkout@34e114876b0b11c390a56381ad16ebd13914f8d5	2026-07-16T10:26:07.6882377Z Temporarily overriding HOME='/home/runner/work/_temp/a10545ae-e499-4a56-bd9e-79dc79477e00' before making global git config changes
validate	Post Run actions/checkout@34e114876b0b11c390a56381ad16ebd13914f8d5	2026-07-16T10:26:07.6883821Z Adding repository directory to the temporary git global config as a safe directory
validate	Post Run actions/checkout@34e114876b0b11c390a56381ad16ebd13914f8d5	2026-07-16T10:26:07.6887520Z [command]/usr/bin/git config --global --add safe.directory /home/runner/work/theawesomehexapp/theawesomehexapp
validate	Post Run actions/checkout@34e114876b0b11c390a56381ad16ebd13914f8d5	2026-07-16T10:26:07.6921865Z [command]/usr/bin/git config --local --name-only --get-regexp core\.sshCommand
validate	Post Run actions/checkout@34e114876b0b11c390a56381ad16ebd13914f8d5	2026-07-16T10:26:07.6950432Z [command]/usr/bin/git submodule foreach --recursive sh -c "git config --local --name-only --get-regexp 'core\.sshCommand' && git config --local --unset-all 'core.sshCommand' || :"
validate	Post Run actions/checkout@34e114876b0b11c390a56381ad16ebd13914f8d5	2026-07-16T10:26:07.7149037Z [command]/usr/bin/git config --local --name-only --get-regexp http\.https\:\/\/github\.com\/\.extraheader
validate	Post Run actions/checkout@34e114876b0b11c390a56381ad16ebd13914f8d5	2026-07-16T10:26:07.7171599Z http.https://github.com/.extraheader
validate	Post Run actions/checkout@34e114876b0b11c390a56381ad16ebd13914f8d5	2026-07-16T10:26:07.7180519Z [command]/usr/bin/git config --local --unset-all http.https://github.com/.extraheader
validate	Post Run actions/checkout@34e114876b0b11c390a56381ad16ebd13914f8d5	2026-07-16T10:26:07.7208390Z [command]/usr/bin/git submodule foreach --recursive sh -c "git config --local --name-only --get-regexp 'http\.https\:\/\/github\.com\/\.extraheader' && git config --local --unset-all 'http.https://github.com/.extraheader' || :"
validate	Post Run actions/checkout@34e114876b0b11c390a56381ad16ebd13914f8d5	2026-07-16T10:26:07.7403317Z [command]/usr/bin/git config --local --name-only --get-regexp ^includeIf\.gitdir:
validate	Post Run actions/checkout@34e114876b0b11c390a56381ad16ebd13914f8d5	2026-07-16T10:26:07.7431203Z [command]/usr/bin/git submodule foreach --recursive git config --local --show-origin --name-only --get-regexp remote.origin.url
validate	Complete job	﻿2026-07-16T10:26:07.7762985Z Cleaning up orphan processes
validate	Complete job	2026-07-16T10:26:07.8012688Z ##[warning]Node.js 20 is deprecated. The following actions target Node.js 20 but are being forced to run on Node.js 24: actions/checkout@34e114876b0b11c390a56381ad16ebd13914f8d5, actions/setup-node@49933ea5288caeca8642d1e84afbd3f7d6820020, actions/setup-python@a26af69be951a213d495a4c3e4e4022e16d87065. For more information see: https://github.blog/changelog/2025-09-19-deprecation-of-node-20-on-github-actions-runners/


## gh stderr
gh_status=0
