build	Materialize the existing root candidate projection from bounded sources	﻿2026-07-16T10:05:01.7148847Z ##[group]Run timeout 1200s node scripts/build.mjs
build	Materialize the existing root candidate projection from bounded sources	2026-07-16T10:05:01.7149155Z ^[[36;1mtimeout 1200s node scripts/build.mjs^[[0m
build	Materialize the existing root candidate projection from bounded sources	2026-07-16T10:05:01.7176920Z shell: /usr/bin/bash -e {0}
build	Materialize the existing root candidate projection from bounded sources	2026-07-16T10:05:01.7177285Z env:
build	Materialize the existing root candidate projection from bounded sources	2026-07-16T10:05:01.7177502Z   pythonLocation: /opt/hostedtoolcache/Python/3.12.13/x64
build	Materialize the existing root candidate projection from bounded sources	2026-07-16T10:05:01.7177849Z   PKG_CONFIG_PATH: /opt/hostedtoolcache/Python/3.12.13/x64/lib/pkgconfig
build	Materialize the existing root candidate projection from bounded sources	2026-07-16T10:05:01.7178181Z   Python_ROOT_DIR: /opt/hostedtoolcache/Python/3.12.13/x64
build	Materialize the existing root candidate projection from bounded sources	2026-07-16T10:05:01.7178474Z   Python2_ROOT_DIR: /opt/hostedtoolcache/Python/3.12.13/x64
build	Materialize the existing root candidate projection from bounded sources	2026-07-16T10:05:01.7178762Z   Python3_ROOT_DIR: /opt/hostedtoolcache/Python/3.12.13/x64
build	Materialize the existing root candidate projection from bounded sources	2026-07-16T10:05:01.7179053Z   LD_LIBRARY_PATH: /opt/hostedtoolcache/Python/3.12.13/x64/lib
build	Materialize the existing root candidate projection from bounded sources	2026-07-16T10:05:01.7179307Z   POST_COUNT: 1000000
build	Materialize the existing root candidate projection from bounded sources	2026-07-16T10:05:01.7179484Z   CHUNK_SIZE: 1024
build	Materialize the existing root candidate projection from bounded sources	2026-07-16T10:05:01.7179663Z   CONTENT_CHUNK_SIZE: 128
build	Materialize the existing root candidate projection from bounded sources	2026-07-16T10:05:01.7179844Z   CORPUS_SEED: 20260712
build	Materialize the existing root candidate projection from bounded sources	2026-07-16T10:05:01.7180040Z   CORPUS_FILE: corpus/general-media.jsonl.gz
build	Materialize the existing root candidate projection from bounded sources	2026-07-16T10:05:01.7180308Z ##[endgroup]
build	Materialize the existing root candidate projection from bounded sources	2026-07-16T10:05:01.7644692Z file:///home/runner/work/theawesomehexapp/theawesomehexapp/scripts/build.mjs:40
build	Materialize the existing root candidate projection from bounded sources	2026-07-16T10:05:01.7645583Z for(const type of TYPES)if(!pools[type].length)throw new Error(`missing ${type} records`);
build	Materialize the existing root candidate projection from bounded sources	2026-07-16T10:05:01.7646045Z                                                      ^
build	Materialize the existing root candidate projection from bounded sources	2026-07-16T10:05:01.7646294Z 
build	Materialize the existing root candidate projection from bounded sources	2026-07-16T10:05:01.7646432Z Error: missing article records
build	Materialize the existing root candidate projection from bounded sources	2026-07-16T10:05:01.7646802Z     at file:///home/runner/work/theawesomehexapp/theawesomehexapp/scripts/build.mjs:40:54
build	Materialize the existing root candidate projection from bounded sources	2026-07-16T10:05:01.7647293Z     at process.processTicksAndRejections (node:internal/process/task_queues:103:5)
build	Materialize the existing root candidate projection from bounded sources	2026-07-16T10:05:01.7647551Z 
build	Materialize the existing root candidate projection from bounded sources	2026-07-16T10:05:01.7647631Z Node.js v22.23.1
build	Materialize the existing root candidate projection from bounded sources	2026-07-16T10:05:01.7686409Z ##[error]Process completed with exit code 1.
build	Upload Add to Sideways proof	﻿2026-07-16T10:05:01.7755844Z Node 20 is being deprecated. This workflow is running with Node 24 by default. If you need to temporarily use Node 20, you can set the ACTIONS_ALLOW_USE_UNSECURE_NODE_VERSION=true environment variable. For more information see: https://github.blog/changelog/2025-09-19-deprecation-of-node-20-on-github-actions-runners/
build	Upload Add to Sideways proof	2026-07-16T10:05:01.7756893Z ##[group]Run actions/upload-artifact@ea165f8d65b6e75b540449e92b4886f43607fa02
build	Upload Add to Sideways proof	2026-07-16T10:05:01.7757186Z with:
build	Upload Add to Sideways proof	2026-07-16T10:05:01.7757359Z   name: manual-phone-gate
build	Upload Add to Sideways proof	2026-07-16T10:05:01.7757736Z   path: add-to-sideways-phone.png
build	Upload Add to Sideways proof	add-to-sideways-desktop.png
build	Upload Add to Sideways proof	/tmp/add-to-sideways.log
build	Upload Add to Sideways proof	/tmp/manual-http.log
build	Upload Add to Sideways proof	
build	Upload Add to Sideways proof	2026-07-16T10:05:01.7758135Z   if-no-files-found: warn
build	Upload Add to Sideways proof	2026-07-16T10:05:01.7758314Z   retention-days: 5
build	Upload Add to Sideways proof	2026-07-16T10:05:01.7758486Z   compression-level: 6
build	Upload Add to Sideways proof	2026-07-16T10:05:01.7758659Z   overwrite: false
build	Upload Add to Sideways proof	2026-07-16T10:05:01.7758834Z   include-hidden-files: false
build	Upload Add to Sideways proof	2026-07-16T10:05:01.7759022Z env:
build	Upload Add to Sideways proof	2026-07-16T10:05:01.7759225Z   pythonLocation: /opt/hostedtoolcache/Python/3.12.13/x64
build	Upload Add to Sideways proof	2026-07-16T10:05:01.7759575Z   PKG_CONFIG_PATH: /opt/hostedtoolcache/Python/3.12.13/x64/lib/pkgconfig
build	Upload Add to Sideways proof	2026-07-16T10:05:01.7759898Z   Python_ROOT_DIR: /opt/hostedtoolcache/Python/3.12.13/x64
build	Upload Add to Sideways proof	2026-07-16T10:05:01.7760198Z   Python2_ROOT_DIR: /opt/hostedtoolcache/Python/3.12.13/x64
build	Upload Add to Sideways proof	2026-07-16T10:05:01.7760495Z   Python3_ROOT_DIR: /opt/hostedtoolcache/Python/3.12.13/x64
build	Upload Add to Sideways proof	2026-07-16T10:05:01.7760810Z   LD_LIBRARY_PATH: /opt/hostedtoolcache/Python/3.12.13/x64/lib
build	Upload Add to Sideways proof	2026-07-16T10:05:01.7773628Z ##[endgroup]
build	Upload Add to Sideways proof	2026-07-16T10:05:01.9063233Z (node:2958) [DEP0040] DeprecationWarning: The `punycode` module is deprecated. Please use a userland alternative instead.
build	Upload Add to Sideways proof	2026-07-16T10:05:01.9063884Z (Use `node --trace-deprecation ...` to show where the warning was created)
build	Upload Add to Sideways proof	2026-07-16T10:05:01.9099141Z Multiple search paths detected. Calculating the least common ancestor of all paths
build	Upload Add to Sideways proof	2026-07-16T10:05:01.9101121Z The least common ancestor is /. This will be the root directory of the artifact
build	Upload Add to Sideways proof	2026-07-16T10:05:01.9112503Z ##[warning]No files were found with the provided path: add-to-sideways-phone.png
build	Upload Add to Sideways proof	add-to-sideways-desktop.png
build	Upload Add to Sideways proof	/tmp/add-to-sideways.log
build	Upload Add to Sideways proof	/tmp/manual-http.log. No artifacts will be uploaded.
build	Post Run actions/checkout@34e114876b0b11c390a56381ad16ebd13914f8d5	﻿2026-07-16T10:05:01.9258588Z Node 20 is being deprecated. This workflow is running with Node 24 by default. If you need to temporarily use Node 20, you can set the ACTIONS_ALLOW_USE_UNSECURE_NODE_VERSION=true environment variable. For more information see: https://github.blog/changelog/2025-09-19-deprecation-of-node-20-on-github-actions-runners/
build	Post Run actions/checkout@34e114876b0b11c390a56381ad16ebd13914f8d5	2026-07-16T10:05:01.9259672Z Post job cleanup.
build	Post Run actions/checkout@34e114876b0b11c390a56381ad16ebd13914f8d5	2026-07-16T10:05:01.9939824Z [command]/usr/bin/git version
build	Post Run actions/checkout@34e114876b0b11c390a56381ad16ebd13914f8d5	2026-07-16T10:05:02.0000038Z git version 2.54.0
build	Post Run actions/checkout@34e114876b0b11c390a56381ad16ebd13914f8d5	2026-07-16T10:05:02.0027265Z Temporarily overriding HOME='/home/runner/work/_temp/9cf39528-18c7-493f-91ec-01ae008acc10' before making global git config changes
build	Post Run actions/checkout@34e114876b0b11c390a56381ad16ebd13914f8d5	2026-07-16T10:05:02.0027977Z Adding repository directory to the temporary git global config as a safe directory
build	Post Run actions/checkout@34e114876b0b11c390a56381ad16ebd13914f8d5	2026-07-16T10:05:02.0030965Z [command]/usr/bin/git config --global --add safe.directory /home/runner/work/theawesomehexapp/theawesomehexapp
build	Post Run actions/checkout@34e114876b0b11c390a56381ad16ebd13914f8d5	2026-07-16T10:05:02.0060975Z [command]/usr/bin/git config --local --name-only --get-regexp core\.sshCommand
build	Post Run actions/checkout@34e114876b0b11c390a56381ad16ebd13914f8d5	2026-07-16T10:05:02.0088428Z [command]/usr/bin/git submodule foreach --recursive sh -c "git config --local --name-only --get-regexp 'core\.sshCommand' && git config --local --unset-all 'core.sshCommand' || :"
build	Post Run actions/checkout@34e114876b0b11c390a56381ad16ebd13914f8d5	2026-07-16T10:05:02.0276940Z [command]/usr/bin/git config --local --name-only --get-regexp http\.https\:\/\/github\.com\/\.extraheader
build	Post Run actions/checkout@34e114876b0b11c390a56381ad16ebd13914f8d5	2026-07-16T10:05:02.0303481Z [command]/usr/bin/git submodule foreach --recursive sh -c "git config --local --name-only --get-regexp 'http\.https\:\/\/github\.com\/\.extraheader' && git config --local --unset-all 'http.https://github.com/.extraheader' || :"
build	Post Run actions/checkout@34e114876b0b11c390a56381ad16ebd13914f8d5	2026-07-16T10:05:02.0484993Z [command]/usr/bin/git config --local --name-only --get-regexp ^includeIf\.gitdir:
build	Post Run actions/checkout@34e114876b0b11c390a56381ad16ebd13914f8d5	2026-07-16T10:05:02.0509825Z [command]/usr/bin/git submodule foreach --recursive git config --local --show-origin --name-only --get-regexp remote.origin.url
build	Complete job	﻿2026-07-16T10:05:02.0803834Z Cleaning up orphan processes
build	Complete job	2026-07-16T10:05:02.1020952Z ##[warning]Node.js 20 is deprecated. The following actions target Node.js 20 but are being forced to run on Node.js 24: actions/cache@0057852bfaa89a56745cba8c7296529d2fc39830, actions/checkout@34e114876b0b11c390a56381ad16ebd13914f8d5, actions/setup-node@49933ea5288caeca8642d1e84afbd3f7d6820020, actions/setup-python@a26af69be951a213d495a4c3e4e4022e16d87065, actions/upload-artifact@ea165f8d65b6e75b540449e92b4886f43607fa02. For more information see: https://github.blog/changelog/2025-09-19-deprecation-of-node-20-on-github-actions-runners/

