validate	Run actual live snapshot, media bridge, and one-million projection	﻿2026-07-16T10:22:48.6505623Z ##[group]Run set -euo pipefail
validate	Run actual live snapshot, media bridge, and one-million projection	2026-07-16T10:22:48.6505947Z ^[[36;1mset -euo pipefail^[[0m
validate	Run actual live snapshot, media bridge, and one-million projection	2026-07-16T10:22:48.6506190Z ^[[36;1mmkdir -p corpus^[[0m
validate	Run actual live snapshot, media bridge, and one-million projection	2026-07-16T10:22:48.6506645Z ^[[36;1mtimeout 900s node scripts/build-web-source-snapshot.mjs --output corpus/general.jsonl.gz^[[0m
validate	Run actual live snapshot, media bridge, and one-million projection	2026-07-16T10:22:48.6507402Z ^[[36;1mnode scripts/verify-web-source-snapshot.mjs corpus/general.jsonl.gz corpus/general.jsonl.gz.meta.json^[[0m
validate	Run actual live snapshot, media bridge, and one-million projection	2026-07-16T10:22:48.6508431Z ^[[36;1mif timeout 600s python general/media.py --input corpus/general.jsonl.gz --output corpus/general-media.jsonl.gz --media-dir corpus/media --max-media 180 --discover-forum 80; then^[[0m
validate	Run actual live snapshot, media bridge, and one-million projection	2026-07-16T10:22:48.6509423Z ^[[36;1m  echo 'display media ready'^[[0m
validate	Run actual live snapshot, media bridge, and one-million projection	2026-07-16T10:22:48.6509699Z ^[[36;1melse^[[0m
validate	Run actual live snapshot, media bridge, and one-million projection	2026-07-16T10:22:48.6510042Z ^[[36;1m  echo 'media retrieval unavailable; using text-first bounded snapshot' >&2^[[0m
validate	Run actual live snapshot, media bridge, and one-million projection	2026-07-16T10:22:48.6510563Z ^[[36;1m  cp corpus/general.jsonl.gz corpus/general-media.jsonl.gz^[[0m
validate	Run actual live snapshot, media bridge, and one-million projection	2026-07-16T10:22:48.6510918Z ^[[36;1mfi^[[0m
validate	Run actual live snapshot, media bridge, and one-million projection	2026-07-16T10:22:48.6511168Z ^[[36;1mtimeout 1200s node scripts/build.mjs^[[0m
validate	Run actual live snapshot, media bridge, and one-million projection	2026-07-16T10:22:48.6511483Z ^[[36;1mpython verify-profile-build.py^[[0m
validate	Run actual live snapshot, media bridge, and one-million projection	2026-07-16T10:22:48.6569636Z shell: /usr/bin/bash --noprofile --norc -e -o pipefail {0}
validate	Run actual live snapshot, media bridge, and one-million projection	2026-07-16T10:22:48.6569983Z env:
validate	Run actual live snapshot, media bridge, and one-million projection	2026-07-16T10:22:48.6570226Z   TARGET_BRANCH: agent/fix-pages-projection-schema
validate	Run actual live snapshot, media bridge, and one-million projection	2026-07-16T10:22:48.6570604Z   pythonLocation: /opt/hostedtoolcache/Python/3.12.13/x64
validate	Run actual live snapshot, media bridge, and one-million projection	2026-07-16T10:22:48.6571030Z   PKG_CONFIG_PATH: /opt/hostedtoolcache/Python/3.12.13/x64/lib/pkgconfig
validate	Run actual live snapshot, media bridge, and one-million projection	2026-07-16T10:22:48.6571466Z   Python_ROOT_DIR: /opt/hostedtoolcache/Python/3.12.13/x64
validate	Run actual live snapshot, media bridge, and one-million projection	2026-07-16T10:22:48.6571869Z   Python2_ROOT_DIR: /opt/hostedtoolcache/Python/3.12.13/x64
validate	Run actual live snapshot, media bridge, and one-million projection	2026-07-16T10:22:48.6572275Z   Python3_ROOT_DIR: /opt/hostedtoolcache/Python/3.12.13/x64
validate	Run actual live snapshot, media bridge, and one-million projection	2026-07-16T10:22:48.6572670Z   LD_LIBRARY_PATH: /opt/hostedtoolcache/Python/3.12.13/x64/lib
validate	Run actual live snapshot, media bridge, and one-million projection	2026-07-16T10:22:48.6573012Z   SIDEWAYS_PUBLIC_SOURCES: 
validate	Run actual live snapshot, media bridge, and one-million projection	2026-07-16T10:22:48.6573245Z   POST_COUNT: 1000000
validate	Run actual live snapshot, media bridge, and one-million projection	2026-07-16T10:22:48.6573451Z   CHUNK_SIZE: 1024
validate	Run actual live snapshot, media bridge, and one-million projection	2026-07-16T10:22:48.6573660Z   CONTENT_CHUNK_SIZE: 128
validate	Run actual live snapshot, media bridge, and one-million projection	2026-07-16T10:22:48.6573884Z   CORPUS_SEED: 20260712
validate	Run actual live snapshot, media bridge, and one-million projection	2026-07-16T10:22:48.6574137Z   CORPUS_FILE: corpus/general-media.jsonl.gz
validate	Run actual live snapshot, media bridge, and one-million projection	2026-07-16T10:22:48.6574422Z ##[endgroup]
validate	Run actual live snapshot, media bridge, and one-million projection	2026-07-16T10:22:56.0196394Z {"schema":"sideways-web-source-snapshot/v2","output":"corpus/general.jsonl.gz","records":1618,"receipts":[{"provider":"wikinews-a","status":"ready","admitted":250,"evidence":{"robots":{"policy":"not-applicable","allowed":true},"hops":[{"url":"https://en.wikinews.org/w/api.php?action=query&generator=allpages&gapnamespace=0&gaplimit=250&gapfrom=A&prop=extracts%7Cinfo&exintro=1&inprop=url&format=json&origin=*","status":200,"address":"198.35.26.224"}],"bytes":161145,"contentType":"application/json"}},{"provider":"wikinews-i","status":"ready","admitted":250,"evidence":{"robots":{"policy":"not-applicable","allowed":true},"hops":[{"url":"https://en.wikinews.org/w/api.php?action=query&generator=allpages&gapnamespace=0&gaplimit=250&gapfrom=I&prop=extracts%7Cinfo&exintro=1&inprop=url&format=json&origin=*","status":200,"address":"198.35.26.224"}],"bytes":166586,"contentType":"application/json"}},{"provider":"wikinews-q","status":"ready","admitted":250,"evidence":{"robots":{"policy":"not-applicable","allowed":true},"hops":[{"url":"https://en.wikinews.org/w/api.php?action=query&generator=allpages&gapnamespace=0&gaplimit=250&gapfrom=Q&prop=extracts%7Cinfo&exintro=1&inprop=url&format=json&origin=*","status":200,"address":"198.35.26.224"}],"bytes":158160,"contentType":"application/json"}},{"provider":"hacker-news-0","status":"ready","admitted":234,"evidence":{"robots":{"policy":"not-applicable","allowed":true},"hops":[{"url":"https://hn.algolia.com/api/v1/search_by_date?tags=story&hitsPerPage=250&page=0","status":200,"address":"34.160.168.181"}],"bytes":225273,"contentType":"application/json"}},{"provider":"hacker-news-1","status":"ready","admitted":238,"evidence":{"robots":{"policy":"not-applicable","allowed":true},"hops":[{"url":"https://hn.algolia.com/api/v1/search_by_date?tags=story&hitsPerPage=250&page=1","status":200,"address":"34.160.168.181"}],"bytes":227775,"contentType":"application/json"}},{"provider":"hacker-news-2","status":"ready","admitted":236,"evidence":{"robots":{"policy":"not-applicable","allowed":true},"hops":[{"url":"https://hn.algolia.com/api/v1/search_by_date?tags=story&hitsPerPage=250&page=2","status":200,"address":"34.160.168.181"}],"bytes":218739,"contentType":"application/json"}},{"provider":"mastodon-social","status":"unavailable","admitted":0,"error":"source responded 422"},{"provider":"mstdn-social","status":"ready","admitted":40,"evidence":{"robots":{"policy":"not-applicable","allowed":true},"hops":[{"url":"https://mstdn.social/api/v1/timelines/public?limit=40&local=true","status":200,"address":"188.34.142.224"}],"bytes":159583,"contentType":"application/json"}},{"provider":"fosstodon","status":"ready","admitted":40,"evidence":{"robots":{"policy":"not-applicable","allowed":true},"hops":[{"url":"https://fosstodon.org/api/v1/timelines/public?limit=40&local=true","status":200,"address":"151.101.131.52"}],"bytes":181620,"contentType":"application/json"}},{"provider":"hachyderm","status":"ready","admitted":40,"evidence":{"robots":{"policy":"not-applicable","allowed":true},"hops":[{"url":"https://hachyderm.io/api/v1/timelines/public?limit=40&local=true","status":200,"address":"45.79.111.81"}],"bytes":184073,"contentType":"application/json"}},{"provider":"techhub","status":"ready","admitted":40,"evidence":{"robots":{"policy":"not-applicable","allowed":true},"hops":[{"url":"https://techhub.social/api/v1/timelines/public?limit=40&local=true","status":200,"address":"104.21.82.233"}],"bytes":175613,"contentType":"application/json"}}]}
validate	Run actual live snapshot, media bridge, and one-million projection	2026-07-16T10:22:56.1206980Z {
validate	Run actual live snapshot, media bridge, and one-million projection	2026-07-16T10:22:56.1207934Z   "schema": "sideways-web-source-snapshot-verification/v1",
validate	Run actual live snapshot, media bridge, and one-million projection	2026-07-16T10:22:56.1209143Z   "snapshot": "corpus/general.jsonl.gz",
validate	Run actual live snapshot, media bridge, and one-million projection	2026-07-16T10:22:56.1209890Z   "records": 1618,
validate	Run actual live snapshot, media bridge, and one-million projection	2026-07-16T10:22:56.1210449Z   "counts": {
validate	Run actual live snapshot, media bridge, and one-million projection	2026-07-16T10:22:56.1210912Z     "article": 750,
validate	Run actual live snapshot, media bridge, and one-million projection	2026-07-16T10:22:56.1211448Z     "forum": 708,
validate	Run actual live snapshot, media bridge, and one-million projection	2026-07-16T10:22:56.1211930Z     "social": 160
validate	Run actual live snapshot, media bridge, and one-million projection	2026-07-16T10:22:56.1212400Z   },
validate	Run actual live snapshot, media bridge, and one-million projection	2026-07-16T10:22:56.1212835Z   "providers": 10,
validate	Run actual live snapshot, media bridge, and one-million projection	2026-07-16T10:22:56.1213472Z   "receipts": [
validate	Run actual live snapshot, media bridge, and one-million projection	2026-07-16T10:22:56.1214103Z     {
validate	Run actual live snapshot, media bridge, and one-million projection	2026-07-16T10:22:56.1214497Z       "provider": "wikinews-a",
validate	Run actual live snapshot, media bridge, and one-million projection	2026-07-16T10:22:56.1214994Z       "status": "ready",
validate	Run actual live snapshot, media bridge, and one-million projection	2026-07-16T10:22:56.1215429Z       "admitted": 250,
validate	Run actual live snapshot, media bridge, and one-million projection	2026-07-16T10:22:56.1215841Z       "error": null
validate	Run actual live snapshot, media bridge, and one-million projection	2026-07-16T10:22:56.1216225Z     },
validate	Run actual live snapshot, media bridge, and one-million projection	2026-07-16T10:22:56.1216558Z     {
validate	Run actual live snapshot, media bridge, and one-million projection	2026-07-16T10:22:56.1216949Z       "provider": "wikinews-i",
validate	Run actual live snapshot, media bridge, and one-million projection	2026-07-16T10:22:56.1217420Z       "status": "ready",
validate	Run actual live snapshot, media bridge, and one-million projection	2026-07-16T10:22:56.1217875Z       "admitted": 250,
validate	Run actual live snapshot, media bridge, and one-million projection	2026-07-16T10:22:56.1218306Z       "error": null
validate	Run actual live snapshot, media bridge, and one-million projection	2026-07-16T10:22:56.1218683Z     },
validate	Run actual live snapshot, media bridge, and one-million projection	2026-07-16T10:22:56.1219258Z     {
validate	Run actual live snapshot, media bridge, and one-million projection	2026-07-16T10:22:56.1219677Z       "provider": "wikinews-q",
validate	Run actual live snapshot, media bridge, and one-million projection	2026-07-16T10:22:56.1220141Z       "status": "ready",
validate	Run actual live snapshot, media bridge, and one-million projection	2026-07-16T10:22:56.1220569Z       "admitted": 250,
validate	Run actual live snapshot, media bridge, and one-million projection	2026-07-16T10:22:56.1220975Z       "error": null
validate	Run actual live snapshot, media bridge, and one-million projection	2026-07-16T10:22:56.1221476Z     },
validate	Run actual live snapshot, media bridge, and one-million projection	2026-07-16T10:22:56.1221845Z     {
validate	Run actual live snapshot, media bridge, and one-million projection	2026-07-16T10:22:56.1222256Z       "provider": "hacker-news-0",
validate	Run actual live snapshot, media bridge, and one-million projection	2026-07-16T10:22:56.1222970Z       "status": "ready",
validate	Run actual live snapshot, media bridge, and one-million projection	2026-07-16T10:22:56.1223640Z       "admitted": 234,
validate	Run actual live snapshot, media bridge, and one-million projection	2026-07-16T10:22:56.1224176Z       "error": null
validate	Run actual live snapshot, media bridge, and one-million projection	2026-07-16T10:22:56.1224848Z     },
validate	Run actual live snapshot, media bridge, and one-million projection	2026-07-16T10:22:56.1225323Z     {
validate	Run actual live snapshot, media bridge, and one-million projection	2026-07-16T10:22:56.1225903Z       "provider": "hacker-news-1",
validate	Run actual live snapshot, media bridge, and one-million projection	2026-07-16T10:22:56.1226697Z       "status": "ready",
validate	Run actual live snapshot, media bridge, and one-million projection	2026-07-16T10:22:56.1227263Z       "admitted": 238,
validate	Run actual live snapshot, media bridge, and one-million projection	2026-07-16T10:22:56.1227987Z       "error": null
validate	Run actual live snapshot, media bridge, and one-million projection	2026-07-16T10:22:56.1228506Z     },
validate	Run actual live snapshot, media bridge, and one-million projection	2026-07-16T10:22:56.1229393Z     {
validate	Run actual live snapshot, media bridge, and one-million projection	2026-07-16T10:22:56.1230016Z       "provider": "hacker-news-2",
validate	Run actual live snapshot, media bridge, and one-million projection	2026-07-16T10:22:56.1231054Z       "status": "ready",
validate	Run actual live snapshot, media bridge, and one-million projection	2026-07-16T10:22:56.1231763Z       "admitted": 236,
validate	Run actual live snapshot, media bridge, and one-million projection	2026-07-16T10:22:56.1232352Z       "error": null
validate	Run actual live snapshot, media bridge, and one-million projection	2026-07-16T10:22:56.1302989Z     },
validate	Run actual live snapshot, media bridge, and one-million projection	2026-07-16T10:22:56.1303331Z     {
validate	Run actual live snapshot, media bridge, and one-million projection	2026-07-16T10:22:56.1303732Z       "provider": "mastodon-social",
validate	Run actual live snapshot, media bridge, and one-million projection	2026-07-16T10:22:56.1304608Z       "status": "unavailable",
validate	Run actual live snapshot, media bridge, and one-million projection	2026-07-16T10:22:56.1305075Z       "admitted": 0,
validate	Run actual live snapshot, media bridge, and one-million projection	2026-07-16T10:22:56.1305570Z       "error": "source responded 422"
validate	Run actual live snapshot, media bridge, and one-million projection	2026-07-16T10:22:56.1306084Z     },
validate	Run actual live snapshot, media bridge, and one-million projection	2026-07-16T10:22:56.1306285Z     {
validate	Run actual live snapshot, media bridge, and one-million projection	2026-07-16T10:22:56.1306507Z       "provider": "mstdn-social",
validate	Run actual live snapshot, media bridge, and one-million projection	2026-07-16T10:22:56.1306775Z       "status": "ready",
validate	Run actual live snapshot, media bridge, and one-million projection	2026-07-16T10:22:56.1307007Z       "admitted": 40,
validate	Run actual live snapshot, media bridge, and one-million projection	2026-07-16T10:22:56.1307226Z       "error": null
validate	Run actual live snapshot, media bridge, and one-million projection	2026-07-16T10:22:56.1307425Z     },
validate	Run actual live snapshot, media bridge, and one-million projection	2026-07-16T10:22:56.1307598Z     {
validate	Run actual live snapshot, media bridge, and one-million projection	2026-07-16T10:22:56.1307813Z       "provider": "fosstodon",
validate	Run actual live snapshot, media bridge, and one-million projection	2026-07-16T10:22:56.1308070Z       "status": "ready",
validate	Run actual live snapshot, media bridge, and one-million projection	2026-07-16T10:22:56.1308290Z       "admitted": 40,
validate	Run actual live snapshot, media bridge, and one-million projection	2026-07-16T10:22:56.1308511Z       "error": null
validate	Run actual live snapshot, media bridge, and one-million projection	2026-07-16T10:22:56.1308703Z     },
validate	Run actual live snapshot, media bridge, and one-million projection	2026-07-16T10:22:56.1309203Z     {
validate	Run actual live snapshot, media bridge, and one-million projection	2026-07-16T10:22:56.1309566Z       "provider": "hachyderm",
validate	Run actual live snapshot, media bridge, and one-million projection	2026-07-16T10:22:56.1309966Z       "status": "ready",
validate	Run actual live snapshot, media bridge, and one-million projection	2026-07-16T10:22:56.1310349Z       "admitted": 40,
validate	Run actual live snapshot, media bridge, and one-million projection	2026-07-16T10:22:56.1310707Z       "error": null
validate	Run actual live snapshot, media bridge, and one-million projection	2026-07-16T10:22:56.1311071Z     },
validate	Run actual live snapshot, media bridge, and one-million projection	2026-07-16T10:22:56.1311370Z     {
validate	Run actual live snapshot, media bridge, and one-million projection	2026-07-16T10:22:56.1311795Z       "provider": "techhub",
validate	Run actual live snapshot, media bridge, and one-million projection	2026-07-16T10:22:56.1312416Z       "status": "ready",
validate	Run actual live snapshot, media bridge, and one-million projection	2026-07-16T10:22:56.1312737Z       "admitted": 40,
validate	Run actual live snapshot, media bridge, and one-million projection	2026-07-16T10:22:56.1312950Z       "error": null
validate	Run actual live snapshot, media bridge, and one-million projection	2026-07-16T10:22:56.1313141Z     }
validate	Run actual live snapshot, media bridge, and one-million projection	2026-07-16T10:22:56.1313312Z   ],
validate	Run actual live snapshot, media bridge, and one-million projection	2026-07-16T10:22:56.1313492Z   "limits": {
validate	Run actual live snapshot, media bridge, and one-million projection	2026-07-16T10:22:56.1313687Z     "sources": 24,
validate	Run actual live snapshot, media bridge, and one-million projection	2026-07-16T10:22:56.1313911Z     "recordsPerSource": 250,
validate	Run actual live snapshot, media bridge, and one-million projection	2026-07-16T10:22:56.1314158Z     "totalRecords": 1800,
validate	Run actual live snapshot, media bridge, and one-million projection	2026-07-16T10:22:56.1314416Z     "bytesPerSource": 2000000,
validate	Run actual live snapshot, media bridge, and one-million projection	2026-07-16T10:22:56.1314658Z     "redirects": 4,
validate	Run actual live snapshot, media bridge, and one-million projection	2026-07-16T10:22:56.1314882Z     "timeoutMs": 20000,
validate	Run actual live snapshot, media bridge, and one-million projection	2026-07-16T10:22:56.1315118Z     "robotsBytes": 256000
validate	Run actual live snapshot, media bridge, and one-million projection	2026-07-16T10:22:56.1315336Z   }
validate	Run actual live snapshot, media bridge, and one-million projection	2026-07-16T10:22:56.1315510Z }
validate	Run actual live snapshot, media bridge, and one-million projection	2026-07-16T10:22:56.2115330Z Traceback (most recent call last):
validate	Run actual live snapshot, media bridge, and one-million projection	2026-07-16T10:22:56.2116414Z   File "/home/runner/work/theawesomehexapp/theawesomehexapp/general/media.py", line 6, in <module>
validate	Run actual live snapshot, media bridge, and one-million projection	2026-07-16T10:22:56.2117463Z     from PIL import Image,ImageOps
validate	Run actual live snapshot, media bridge, and one-million projection	2026-07-16T10:22:56.2118118Z ModuleNotFoundError: No module named 'PIL'
validate	Run actual live snapshot, media bridge, and one-million projection	2026-07-16T10:22:56.2186478Z media retrieval unavailable; using text-first bounded snapshot
validate	Run actual live snapshot, media bridge, and one-million projection	2026-07-16T10:22:58.3613272Z generated 1,024 / 1,000,000
validate	Run actual live snapshot, media bridge, and one-million projection	2026-07-16T10:23:00.1386990Z generated 103,424 / 1,000,000
validate	Run actual live snapshot, media bridge, and one-million projection	2026-07-16T10:23:01.8831931Z generated 205,824 / 1,000,000
validate	Run actual live snapshot, media bridge, and one-million projection	2026-07-16T10:23:03.5958711Z generated 308,224 / 1,000,000
validate	Run actual live snapshot, media bridge, and one-million projection	2026-07-16T10:23:05.3015710Z generated 410,624 / 1,000,000
validate	Run actual live snapshot, media bridge, and one-million projection	2026-07-16T10:23:07.0065384Z generated 513,024 / 1,000,000
validate	Run actual live snapshot, media bridge, and one-million projection	2026-07-16T10:23:08.7136979Z generated 615,424 / 1,000,000
validate	Run actual live snapshot, media bridge, and one-million projection	2026-07-16T10:23:10.4232664Z generated 717,824 / 1,000,000
validate	Run actual live snapshot, media bridge, and one-million projection	2026-07-16T10:23:12.1296570Z generated 820,224 / 1,000,000
validate	Run actual live snapshot, media bridge, and one-million projection	2026-07-16T10:23:13.4131003Z generated 922,624 / 1,000,000
validate	Run actual live snapshot, media bridge, and one-million projection	2026-07-16T10:23:13.4131746Z dist ready: 1,000,000 candidates / 1,618 actual records
validate	Run actual live snapshot, media bridge, and one-million projection	2026-07-16T10:23:13.4792275Z {
validate	Run actual live snapshot, media bridge, and one-million projection	2026-07-16T10:23:13.4792912Z   "schema": "sideways-root-product-completion/v1",
validate	Run actual live snapshot, media bridge, and one-million projection	2026-07-16T10:23:13.4793874Z   "outputDir": "/home/runner/work/theawesomehexapp/theawesomehexapp/dist",
validate	Run actual live snapshot, media bridge, and one-million projection	2026-07-16T10:23:13.4795084Z   "index": "/home/runner/work/theawesomehexapp/theawesomehexapp/dist/index.html",
validate	Run actual live snapshot, media bridge, and one-million projection	2026-07-16T10:23:13.4795923Z   "assets": [
validate	Run actual live snapshot, media bridge, and one-million projection	2026-07-16T10:23:13.4796423Z     "root-product-completion.css",
validate	Run actual live snapshot, media bridge, and one-million projection	2026-07-16T10:23:13.4797019Z     "root-product-completion.js"
validate	Run actual live snapshot, media bridge, and one-million projection	2026-07-16T10:23:13.4797525Z   ],
validate	Run actual live snapshot, media bridge, and one-million projection	2026-07-16T10:23:13.4798507Z   "promise": "Discover the public world, then keep what matters in a private archive that belongs to you.",
validate	Run actual live snapshot, media bridge, and one-million projection	2026-07-16T10:23:13.4800348Z   "directArchive": "./manual/",
validate	Run actual live snapshot, media bridge, and one-million projection	2026-07-16T10:23:13.4800909Z   "sharedMutation": false
validate	Run actual live snapshot, media bridge, and one-million projection	2026-07-16T10:23:13.4801733Z }
validate	Run actual live snapshot, media bridge, and one-million projection	2026-07-16T10:23:13.4833507Z Traceback (most recent call last):
validate	Run actual live snapshot, media bridge, and one-million projection	2026-07-16T10:23:13.4834640Z   File "/home/runner/work/theawesomehexapp/theawesomehexapp/verify-profile-build.py", line 27, in <module>
validate	Run actual live snapshot, media bridge, and one-million projection	2026-07-16T10:23:13.4835699Z     authors = load(DATA / "author-index.json")
validate	Run actual live snapshot, media bridge, and one-million projection	2026-07-16T10:23:13.4836259Z               ^^^^^^^^^^^^^^^^^^^^^^^^^^^^^^^^
validate	Run actual live snapshot, media bridge, and one-million projection	2026-07-16T10:23:13.4837249Z   File "/home/runner/work/theawesomehexapp/theawesomehexapp/verify-profile-build.py", line 14, in load
validate	Run actual live snapshot, media bridge, and one-million projection	2026-07-16T10:23:13.4837875Z     with path.open("r", encoding="utf-8") as handle:
validate	Run actual live snapshot, media bridge, and one-million projection	2026-07-16T10:23:13.4838223Z          ^^^^^^^^^^^^^^^^^^^^^^^^^^^^^^^^
validate	Run actual live snapshot, media bridge, and one-million projection	2026-07-16T10:23:13.4838754Z   File "/opt/hostedtoolcache/Python/3.12.13/x64/lib/python3.12/pathlib.py", line 1013, in open
validate	Run actual live snapshot, media bridge, and one-million projection	2026-07-16T10:23:13.5096315Z     return io.open(self, mode, buffering, encoding, errors, newline)
validate	Run actual live snapshot, media bridge, and one-million projection	2026-07-16T10:23:13.5100149Z            ^^^^^^^^^^^^^^^^^^^^^^^^^^^^^^^^^^^^^^^^^^^^^^^^^^^^^^^^^
validate	Run actual live snapshot, media bridge, and one-million projection	2026-07-16T10:23:13.5101437Z FileNotFoundError: [Errno 2] No such file or directory: 'dist/data/author-index.json'
validate	Run actual live snapshot, media bridge, and one-million projection	2026-07-16T10:23:13.5160051Z ##[error]Process completed with exit code 1.
validate	Post Run actions/checkout@34e114876b0b11c390a56381ad16ebd13914f8d5	﻿2026-07-16T10:23:13.5283237Z Node 20 is being deprecated. This workflow is running with Node 24 by default. If you need to temporarily use Node 20, you can set the ACTIONS_ALLOW_USE_UNSECURE_NODE_VERSION=true environment variable. For more information see: https://github.blog/changelog/2025-09-19-deprecation-of-node-20-on-github-actions-runners/
validate	Post Run actions/checkout@34e114876b0b11c390a56381ad16ebd13914f8d5	2026-07-16T10:23:13.5284537Z Post job cleanup.
validate	Post Run actions/checkout@34e114876b0b11c390a56381ad16ebd13914f8d5	2026-07-16T10:23:13.6129311Z [command]/usr/bin/git version
validate	Post Run actions/checkout@34e114876b0b11c390a56381ad16ebd13914f8d5	2026-07-16T10:23:13.6165432Z git version 2.54.0
validate	Post Run actions/checkout@34e114876b0b11c390a56381ad16ebd13914f8d5	2026-07-16T10:23:13.6234279Z Temporarily overriding HOME='/home/runner/work/_temp/1ae1fb15-d505-4881-bcd0-a28a4afbb418' before making global git config changes
validate	Post Run actions/checkout@34e114876b0b11c390a56381ad16ebd13914f8d5	2026-07-16T10:23:13.6235846Z Adding repository directory to the temporary git global config as a safe directory
validate	Post Run actions/checkout@34e114876b0b11c390a56381ad16ebd13914f8d5	2026-07-16T10:23:13.6239918Z [command]/usr/bin/git config --global --add safe.directory /home/runner/work/theawesomehexapp/theawesomehexapp
validate	Post Run actions/checkout@34e114876b0b11c390a56381ad16ebd13914f8d5	2026-07-16T10:23:13.6275728Z [command]/usr/bin/git config --local --name-only --get-regexp core\.sshCommand
validate	Post Run actions/checkout@34e114876b0b11c390a56381ad16ebd13914f8d5	2026-07-16T10:23:13.6310608Z [command]/usr/bin/git submodule foreach --recursive sh -c "git config --local --name-only --get-regexp 'core\.sshCommand' && git config --local --unset-all 'core.sshCommand' || :"
validate	Post Run actions/checkout@34e114876b0b11c390a56381ad16ebd13914f8d5	2026-07-16T10:23:13.6535825Z [command]/usr/bin/git config --local --name-only --get-regexp http\.https\:\/\/github\.com\/\.extraheader
validate	Post Run actions/checkout@34e114876b0b11c390a56381ad16ebd13914f8d5	2026-07-16T10:23:13.6560945Z http.https://github.com/.extraheader
validate	Post Run actions/checkout@34e114876b0b11c390a56381ad16ebd13914f8d5	2026-07-16T10:23:13.6571748Z [command]/usr/bin/git config --local --unset-all http.https://github.com/.extraheader
validate	Post Run actions/checkout@34e114876b0b11c390a56381ad16ebd13914f8d5	2026-07-16T10:23:13.6604467Z [command]/usr/bin/git submodule foreach --recursive sh -c "git config --local --name-only --get-regexp 'http\.https\:\/\/github\.com\/\.extraheader' && git config --local --unset-all 'http.https://github.com/.extraheader' || :"
validate	Post Run actions/checkout@34e114876b0b11c390a56381ad16ebd13914f8d5	2026-07-16T10:23:13.6824493Z [command]/usr/bin/git config --local --name-only --get-regexp ^includeIf\.gitdir:
validate	Post Run actions/checkout@34e114876b0b11c390a56381ad16ebd13914f8d5	2026-07-16T10:23:13.6854111Z [command]/usr/bin/git submodule foreach --recursive git config --local --show-origin --name-only --get-regexp remote.origin.url
validate	Complete job	﻿2026-07-16T10:23:13.7202503Z Cleaning up orphan processes
validate	Complete job	2026-07-16T10:23:13.7490554Z ##[warning]Node.js 20 is deprecated. The following actions target Node.js 20 but are being forced to run on Node.js 24: actions/checkout@34e114876b0b11c390a56381ad16ebd13914f8d5, actions/setup-node@49933ea5288caeca8642d1e84afbd3f7d6820020, actions/setup-python@a26af69be951a213d495a4c3e4e4022e16d87065. For more information see: https://github.blog/changelog/2025-09-19-deprecation-of-node-20-on-github-actions-runners/


## gh stderr
gh_status=0
